[2022-02-15 03:24:15,949] {taskinstance.py:1032} INFO - Dependencies all met for <TaskInstance: dbt_training_bytecode.dbt_deps manual__2022-02-15T03:24:14.594120+00:00 [queued]>
[2022-02-15 03:24:15,962] {taskinstance.py:1032} INFO - Dependencies all met for <TaskInstance: dbt_training_bytecode.dbt_deps manual__2022-02-15T03:24:14.594120+00:00 [queued]>
[2022-02-15 03:24:15,963] {taskinstance.py:1238} INFO - 
--------------------------------------------------------------------------------
[2022-02-15 03:24:15,964] {taskinstance.py:1239} INFO - Starting attempt 1 of 1
[2022-02-15 03:24:15,964] {taskinstance.py:1240} INFO - 
--------------------------------------------------------------------------------
[2022-02-15 03:24:15,981] {taskinstance.py:1259} INFO - Executing <Task(BashOperator): dbt_deps> on 2022-02-15 03:24:14.594120+00:00
[2022-02-15 03:24:15,989] {standard_task_runner.py:52} INFO - Started process 1915 to run task
[2022-02-15 03:24:16,002] {standard_task_runner.py:76} INFO - Running: ['***', 'tasks', 'run', 'dbt_training_bytecode', 'dbt_deps', 'manual__2022-02-15T03:24:14.594120+00:00', '--job-id', '122', '--raw', '--subdir', 'DAGS_FOLDER/dbt-***.py', '--cfg-path', '/tmp/tmp5gylj36h', '--error-file', '/tmp/tmpl41srqc4']
[2022-02-15 03:24:16,004] {standard_task_runner.py:77} INFO - Job 122: Subtask dbt_deps
[2022-02-15 03:24:16,086] {logging_mixin.py:109} INFO - Running <TaskInstance: dbt_training_bytecode.dbt_deps manual__2022-02-15T03:24:14.594120+00:00 [running]> on host 459d09dd7c86
[2022-02-15 03:24:16,184] {taskinstance.py:1426} INFO - Exporting the following env vars:
AIRFLOW_CTX_DAG_OWNER=Bytecode
AIRFLOW_CTX_DAG_ID=dbt_training_bytecode
AIRFLOW_CTX_TASK_ID=dbt_deps
AIRFLOW_CTX_EXECUTION_DATE=2022-02-15T03:24:14.594120+00:00
AIRFLOW_CTX_DAG_RUN_ID=manual__2022-02-15T03:24:14.594120+00:00
[2022-02-15 03:24:16,191] {subprocess.py:62} INFO - Tmp dir root location: 
 /tmp
[2022-02-15 03:24:16,194] {subprocess.py:74} INFO - Running command: ['bash', '-c', 'dbt deps --profiles-dir /opt/***/dbt/dbt-training-bytecode-1 --project-dir /opt/***/dbt/dbt-training-bytecode-1']
[2022-02-15 03:24:16,238] {subprocess.py:85} INFO - Output:
[2022-02-15 03:24:22,213] {subprocess.py:89} INFO - 03:24:22  Running with dbt=1.0.1
[2022-02-15 03:24:23,394] {subprocess.py:89} INFO - 03:24:23  Installing dbt-labs/dbt_utils
[2022-02-15 03:24:26,343] {subprocess.py:89} INFO - 03:24:26    Installed from version 0.8.0
[2022-02-15 03:24:26,345] {subprocess.py:89} INFO - 03:24:26    Up to date!
[2022-02-15 03:24:26,743] {subprocess.py:93} INFO - Command exited with return code 0
[2022-02-15 03:24:26,772] {taskinstance.py:1277} INFO - Marking task as SUCCESS. dag_id=dbt_training_bytecode, task_id=dbt_deps, execution_date=20220215T032414, start_date=20220215T032415, end_date=20220215T032426
[2022-02-15 03:24:26,792] {local_task_job.py:154} INFO - Task exited with return code 0
[2022-02-15 03:24:26,846] {local_task_job.py:264} INFO - 1 downstream tasks scheduled from follow-on schedule check
