[2022-02-15 03:14:41,164] {taskinstance.py:1032} INFO - Dependencies all met for <TaskInstance: dbt_training_bytecode.model.my_new_project.stg_payments manual__2022-02-15T03:14:06.780838+00:00 [queued]>
[2022-02-15 03:14:41,180] {taskinstance.py:1032} INFO - Dependencies all met for <TaskInstance: dbt_training_bytecode.model.my_new_project.stg_payments manual__2022-02-15T03:14:06.780838+00:00 [queued]>
[2022-02-15 03:14:41,181] {taskinstance.py:1238} INFO - 
--------------------------------------------------------------------------------
[2022-02-15 03:14:41,181] {taskinstance.py:1239} INFO - Starting attempt 1 of 1
[2022-02-15 03:14:41,182] {taskinstance.py:1240} INFO - 
--------------------------------------------------------------------------------
[2022-02-15 03:14:41,203] {taskinstance.py:1259} INFO - Executing <Task(BashOperator): model.my_new_project.stg_payments> on 2022-02-15 03:14:06.780838+00:00
[2022-02-15 03:14:41,209] {standard_task_runner.py:52} INFO - Started process 1193 to run task
[2022-02-15 03:14:41,221] {standard_task_runner.py:76} INFO - Running: ['***', 'tasks', 'run', 'dbt_training_bytecode', 'model.my_new_project.stg_payments', 'manual__2022-02-15T03:14:06.780838+00:00', '--job-id', '107', '--raw', '--subdir', 'DAGS_FOLDER/dbt-***.py', '--cfg-path', '/tmp/tmp2ogyq4ll', '--error-file', '/tmp/tmpfo81nrbs']
[2022-02-15 03:14:41,222] {standard_task_runner.py:77} INFO - Job 107: Subtask model.my_new_project.stg_payments
[2022-02-15 03:14:41,321] {logging_mixin.py:109} INFO - Running <TaskInstance: dbt_training_bytecode.model.my_new_project.stg_payments manual__2022-02-15T03:14:06.780838+00:00 [running]> on host 459d09dd7c86
[2022-02-15 03:14:41,499] {taskinstance.py:1426} INFO - Exporting the following env vars:
AIRFLOW_CTX_DAG_OWNER=Bytecode
AIRFLOW_CTX_DAG_ID=dbt_training_bytecode
AIRFLOW_CTX_TASK_ID=model.my_new_project.stg_payments
AIRFLOW_CTX_EXECUTION_DATE=2022-02-15T03:14:06.780838+00:00
AIRFLOW_CTX_DAG_RUN_ID=manual__2022-02-15T03:14:06.780838+00:00
[2022-02-15 03:14:41,501] {subprocess.py:62} INFO - Tmp dir root location: 
 /tmp
[2022-02-15 03:14:41,503] {subprocess.py:74} INFO - Running command: ['bash', '-c', '\n            dbt --no-write-json run --target dev --models stg_payments             --profiles-dir /opt/***/dbt/dbt-training-bytecode-1 --project-dir /opt/***/dbt/dbt-training-bytecode-1\n            ']
[2022-02-15 03:14:41,546] {subprocess.py:85} INFO - Output:
[2022-02-15 03:14:49,619] {subprocess.py:89} INFO - 03:14:49  Running with dbt=1.0.1
[2022-02-15 03:14:49,925] {subprocess.py:89} INFO - 03:14:49  Unable to do partial parsing because config vars, config profile, or config target have changed
[2022-02-15 03:14:53,848] {subprocess.py:89} INFO - 03:14:53  Found 8 models, 11 tests, 0 snapshots, 0 analyses, 367 macros, 0 operations, 1 seed file, 3 sources, 0 exposures, 0 metrics
[2022-02-15 03:14:53,855] {subprocess.py:89} INFO - 03:14:53
[2022-02-15 03:14:56,972] {subprocess.py:89} INFO - 03:14:56  Concurrency: 4 threads (target='dev')
[2022-02-15 03:14:56,975] {subprocess.py:89} INFO - 03:14:56
[2022-02-15 03:14:57,007] {subprocess.py:89} INFO - 03:14:57  1 of 1 START view model dbt_bytecode_training.stg_payments...................... [RUN]
[2022-02-15 03:14:59,089] {subprocess.py:89} INFO - 03:14:59  1 of 1 OK created view model dbt_bytecode_training.stg_payments................. [SUCCESS 1 in 2.08s]
[2022-02-15 03:14:59,179] {subprocess.py:89} INFO - 03:14:59
[2022-02-15 03:14:59,188] {subprocess.py:89} INFO - 03:14:59  Finished running 1 view model in 5.32s.
[2022-02-15 03:14:59,235] {subprocess.py:89} INFO - 03:14:59
[2022-02-15 03:14:59,265] {subprocess.py:89} INFO - 03:14:59  Completed successfully
[2022-02-15 03:14:59,283] {subprocess.py:89} INFO - 03:14:59
[2022-02-15 03:14:59,291] {subprocess.py:89} INFO - 03:14:59  Done. PASS=1 WARN=0 ERROR=0 SKIP=0 TOTAL=1
[2022-02-15 03:15:00,258] {subprocess.py:93} INFO - Command exited with return code 0
[2022-02-15 03:15:00,331] {taskinstance.py:1277} INFO - Marking task as SUCCESS. dag_id=dbt_training_bytecode, task_id=model.my_new_project.stg_payments, execution_date=20220215T031406, start_date=20220215T031441, end_date=20220215T031500
[2022-02-15 03:15:00,378] {local_task_job.py:154} INFO - Task exited with return code 0
[2022-02-15 03:15:00,477] {local_task_job.py:264} INFO - 2 downstream tasks scheduled from follow-on schedule check
