[2022-02-15 03:13:35,101] {taskinstance.py:1032} INFO - Dependencies all met for <TaskInstance: dbt_compile.dbt_compile manual__2022-02-15T03:13:33.956555+00:00 [queued]>
[2022-02-15 03:13:35,112] {taskinstance.py:1032} INFO - Dependencies all met for <TaskInstance: dbt_compile.dbt_compile manual__2022-02-15T03:13:33.956555+00:00 [queued]>
[2022-02-15 03:13:35,113] {taskinstance.py:1238} INFO - 
--------------------------------------------------------------------------------
[2022-02-15 03:13:35,113] {taskinstance.py:1239} INFO - Starting attempt 1 of 1
[2022-02-15 03:13:35,114] {taskinstance.py:1240} INFO - 
--------------------------------------------------------------------------------
[2022-02-15 03:13:35,125] {taskinstance.py:1259} INFO - Executing <Task(BashOperator): dbt_compile> on 2022-02-15 03:13:33.956555+00:00
[2022-02-15 03:13:35,130] {standard_task_runner.py:52} INFO - Started process 1074 to run task
[2022-02-15 03:13:35,134] {standard_task_runner.py:76} INFO - Running: ['***', 'tasks', 'run', 'dbt_compile', 'dbt_compile', 'manual__2022-02-15T03:13:33.956555+00:00', '--job-id', '103', '--raw', '--subdir', 'DAGS_FOLDER/dbt_compile.py', '--cfg-path', '/tmp/tmpo3z3j_9y', '--error-file', '/tmp/tmpfu8dnq6i']
[2022-02-15 03:13:35,135] {standard_task_runner.py:77} INFO - Job 103: Subtask dbt_compile
[2022-02-15 03:13:35,201] {logging_mixin.py:109} INFO - Running <TaskInstance: dbt_compile.dbt_compile manual__2022-02-15T03:13:33.956555+00:00 [running]> on host 459d09dd7c86
[2022-02-15 03:13:35,262] {taskinstance.py:1426} INFO - Exporting the following env vars:
AIRFLOW_CTX_DAG_OWNER=Bytecode
AIRFLOW_CTX_DAG_ID=dbt_compile
AIRFLOW_CTX_TASK_ID=dbt_compile
AIRFLOW_CTX_EXECUTION_DATE=2022-02-15T03:13:33.956555+00:00
AIRFLOW_CTX_DAG_RUN_ID=manual__2022-02-15T03:13:33.956555+00:00
[2022-02-15 03:13:35,265] {subprocess.py:62} INFO - Tmp dir root location: 
 /tmp
[2022-02-15 03:13:35,267] {subprocess.py:74} INFO - Running command: ['bash', '-c', 'dbt compile --profiles-dir /opt/***/dbt/dbt-training-bytecode-1 --project-dir /opt/***/dbt/dbt-training-bytecode-1']
[2022-02-15 03:13:35,279] {subprocess.py:85} INFO - Output:
[2022-02-15 03:13:40,746] {subprocess.py:89} INFO - 03:13:40  Running with dbt=1.0.1
[2022-02-15 03:13:40,949] {subprocess.py:89} INFO - 03:13:40  Unable to do partial parsing because config vars, config profile, or config target have changed
[2022-02-15 03:13:44,219] {subprocess.py:89} INFO - 03:13:44  Found 8 models, 11 tests, 0 snapshots, 0 analyses, 367 macros, 0 operations, 1 seed file, 3 sources, 0 exposures, 0 metrics
[2022-02-15 03:13:44,225] {subprocess.py:89} INFO - 03:13:44
[2022-02-15 03:13:46,521] {subprocess.py:89} INFO - 03:13:46  Concurrency: 4 threads (target='dev')
[2022-02-15 03:13:46,524] {subprocess.py:89} INFO - 03:13:46
[2022-02-15 03:13:48,791] {subprocess.py:89} INFO - 03:13:48  Done.
[2022-02-15 03:13:49,419] {subprocess.py:93} INFO - Command exited with return code 0
[2022-02-15 03:13:49,467] {taskinstance.py:1277} INFO - Marking task as SUCCESS. dag_id=dbt_compile, task_id=dbt_compile, execution_date=20220215T031333, start_date=20220215T031335, end_date=20220215T031349
[2022-02-15 03:13:49,537] {local_task_job.py:154} INFO - Task exited with return code 0
[2022-02-15 03:13:49,589] {local_task_job.py:264} INFO - 0 downstream tasks scheduled from follow-on schedule check
