[2022-02-15 03:14:08,160] {taskinstance.py:1032} INFO - Dependencies all met for <TaskInstance: dbt_training_bytecode.dbt_deps manual__2022-02-15T03:14:06.780838+00:00 [queued]>
[2022-02-15 03:14:08,180] {taskinstance.py:1032} INFO - Dependencies all met for <TaskInstance: dbt_training_bytecode.dbt_deps manual__2022-02-15T03:14:06.780838+00:00 [queued]>
[2022-02-15 03:14:08,181] {taskinstance.py:1238} INFO - 
--------------------------------------------------------------------------------
[2022-02-15 03:14:08,182] {taskinstance.py:1239} INFO - Starting attempt 1 of 1
[2022-02-15 03:14:08,184] {taskinstance.py:1240} INFO - 
--------------------------------------------------------------------------------
[2022-02-15 03:14:08,209] {taskinstance.py:1259} INFO - Executing <Task(BashOperator): dbt_deps> on 2022-02-15 03:14:06.780838+00:00
[2022-02-15 03:14:08,218] {standard_task_runner.py:52} INFO - Started process 1119 to run task
[2022-02-15 03:14:08,226] {standard_task_runner.py:76} INFO - Running: ['***', 'tasks', 'run', 'dbt_training_bytecode', 'dbt_deps', 'manual__2022-02-15T03:14:06.780838+00:00', '--job-id', '105', '--raw', '--subdir', 'DAGS_FOLDER/dbt-***.py', '--cfg-path', '/tmp/tmpnooqmxlh', '--error-file', '/tmp/tmp_d3x49ry']
[2022-02-15 03:14:08,228] {standard_task_runner.py:77} INFO - Job 105: Subtask dbt_deps
[2022-02-15 03:14:08,369] {logging_mixin.py:109} INFO - Running <TaskInstance: dbt_training_bytecode.dbt_deps manual__2022-02-15T03:14:06.780838+00:00 [running]> on host 459d09dd7c86
[2022-02-15 03:14:08,494] {taskinstance.py:1426} INFO - Exporting the following env vars:
AIRFLOW_CTX_DAG_OWNER=Bytecode
AIRFLOW_CTX_DAG_ID=dbt_training_bytecode
AIRFLOW_CTX_TASK_ID=dbt_deps
AIRFLOW_CTX_EXECUTION_DATE=2022-02-15T03:14:06.780838+00:00
AIRFLOW_CTX_DAG_RUN_ID=manual__2022-02-15T03:14:06.780838+00:00
[2022-02-15 03:14:08,497] {subprocess.py:62} INFO - Tmp dir root location: 
 /tmp
[2022-02-15 03:14:08,500] {subprocess.py:74} INFO - Running command: ['bash', '-c', 'dbt deps --profiles-dir /opt/***/dbt/dbt-training-bytecode-1 --project-dir /opt/***/dbt/dbt-training-bytecode-1']
[2022-02-15 03:14:08,519] {subprocess.py:85} INFO - Output:
[2022-02-15 03:14:16,779] {subprocess.py:89} INFO - 03:14:16  Running with dbt=1.0.1
[2022-02-15 03:14:17,620] {subprocess.py:89} INFO - 03:14:17  Installing dbt-labs/dbt_utils
[2022-02-15 03:14:20,725] {subprocess.py:89} INFO - 03:14:20    Installed from version 0.8.0
[2022-02-15 03:14:20,728] {subprocess.py:89} INFO - 03:14:20    Up to date!
[2022-02-15 03:14:21,229] {subprocess.py:93} INFO - Command exited with return code 0
[2022-02-15 03:14:21,294] {taskinstance.py:1277} INFO - Marking task as SUCCESS. dag_id=dbt_training_bytecode, task_id=dbt_deps, execution_date=20220215T031406, start_date=20220215T031408, end_date=20220215T031421
[2022-02-15 03:14:21,375] {local_task_job.py:154} INFO - Task exited with return code 0
[2022-02-15 03:14:21,430] {local_task_job.py:264} INFO - 1 downstream tasks scheduled from follow-on schedule check
