[2022-02-15 03:05:32,881] {taskinstance.py:1032} INFO - Dependencies all met for <TaskInstance: dbt_training_bytecode.model.my_new_project.stg_orders manual__2022-02-15T03:04:57.520087+00:00 [queued]>
[2022-02-15 03:05:32,896] {taskinstance.py:1032} INFO - Dependencies all met for <TaskInstance: dbt_training_bytecode.model.my_new_project.stg_orders manual__2022-02-15T03:04:57.520087+00:00 [queued]>
[2022-02-15 03:05:32,897] {taskinstance.py:1238} INFO - 
--------------------------------------------------------------------------------
[2022-02-15 03:05:32,897] {taskinstance.py:1239} INFO - Starting attempt 1 of 1
[2022-02-15 03:05:32,898] {taskinstance.py:1240} INFO - 
--------------------------------------------------------------------------------
[2022-02-15 03:05:32,915] {taskinstance.py:1259} INFO - Executing <Task(BashOperator): model.my_new_project.stg_orders> on 2022-02-15 03:04:57.520087+00:00
[2022-02-15 03:05:32,924] {standard_task_runner.py:52} INFO - Started process 455 to run task
[2022-02-15 03:05:32,939] {standard_task_runner.py:76} INFO - Running: ['***', 'tasks', 'run', 'dbt_training_bytecode', 'model.my_new_project.stg_orders', 'manual__2022-02-15T03:04:57.520087+00:00', '--job-id', '90', '--raw', '--subdir', 'DAGS_FOLDER/dbt-***.py', '--cfg-path', '/tmp/tmpkd1dm01w', '--error-file', '/tmp/tmpy0vns76y']
[2022-02-15 03:05:32,940] {standard_task_runner.py:77} INFO - Job 90: Subtask model.my_new_project.stg_orders
[2022-02-15 03:05:33,092] {logging_mixin.py:109} INFO - Running <TaskInstance: dbt_training_bytecode.model.my_new_project.stg_orders manual__2022-02-15T03:04:57.520087+00:00 [running]> on host 459d09dd7c86
[2022-02-15 03:05:33,289] {taskinstance.py:1426} INFO - Exporting the following env vars:
AIRFLOW_CTX_DAG_OWNER=Bytecode
AIRFLOW_CTX_DAG_ID=dbt_training_bytecode
AIRFLOW_CTX_TASK_ID=model.my_new_project.stg_orders
AIRFLOW_CTX_EXECUTION_DATE=2022-02-15T03:04:57.520087+00:00
AIRFLOW_CTX_DAG_RUN_ID=manual__2022-02-15T03:04:57.520087+00:00
[2022-02-15 03:05:33,299] {subprocess.py:62} INFO - Tmp dir root location: 
 /tmp
[2022-02-15 03:05:33,301] {subprocess.py:74} INFO - Running command: ['bash', '-c', '\n            dbt --no-write-json run --target dev --models stg_orders             --profiles-dir /opt/***/dbt/dbt-training-bytecode-1 --project-dir /opt/***/dbt/dbt-training-bytecode-1\n            ']
[2022-02-15 03:05:33,359] {subprocess.py:85} INFO - Output:
[2022-02-15 03:05:40,467] {subprocess.py:89} INFO - 03:05:40  Running with dbt=1.0.1
[2022-02-15 03:05:41,182] {subprocess.py:89} INFO - 03:05:41  Found 8 models, 11 tests, 0 snapshots, 0 analyses, 367 macros, 0 operations, 1 seed file, 3 sources, 0 exposures, 0 metrics
[2022-02-15 03:05:41,203] {subprocess.py:89} INFO - 03:05:41
[2022-02-15 03:05:45,036] {subprocess.py:89} INFO - 03:05:45  Concurrency: 4 threads (target='dev')
[2022-02-15 03:05:45,040] {subprocess.py:89} INFO - 03:05:45
[2022-02-15 03:05:45,056] {subprocess.py:89} INFO - 03:05:45  1 of 1 START view model dbt_bytecode_training.stg_orders........................ [RUN]
[2022-02-15 03:05:46,837] {subprocess.py:89} INFO - 03:05:46  1 of 1 OK created view model dbt_bytecode_training.stg_orders................... [SUCCESS 1 in 1.77s]
[2022-02-15 03:05:46,898] {subprocess.py:89} INFO - 03:05:46
[2022-02-15 03:05:46,905] {subprocess.py:89} INFO - 03:05:46  Finished running 1 view model in 5.69s.
[2022-02-15 03:05:46,914] {subprocess.py:89} INFO - 03:05:46
[2022-02-15 03:05:46,917] {subprocess.py:89} INFO - 03:05:46  Completed successfully
[2022-02-15 03:05:46,920] {subprocess.py:89} INFO - 03:05:46
[2022-02-15 03:05:46,923] {subprocess.py:89} INFO - 03:05:46  Done. PASS=1 WARN=0 ERROR=0 SKIP=0 TOTAL=1
[2022-02-15 03:05:47,376] {subprocess.py:93} INFO - Command exited with return code 0
[2022-02-15 03:05:47,411] {taskinstance.py:1277} INFO - Marking task as SUCCESS. dag_id=dbt_training_bytecode, task_id=model.my_new_project.stg_orders, execution_date=20220215T030457, start_date=20220215T030532, end_date=20220215T030547
[2022-02-15 03:05:47,458] {local_task_job.py:154} INFO - Task exited with return code 0
[2022-02-15 03:05:47,513] {local_task_job.py:264} INFO - 1 downstream tasks scheduled from follow-on schedule check
