[2022-02-15 03:05:49,104] {taskinstance.py:1032} INFO - Dependencies all met for <TaskInstance: dbt_training_bytecode.model.my_new_project.fct_orders manual__2022-02-15T03:04:57.520087+00:00 [queued]>
[2022-02-15 03:05:49,149] {taskinstance.py:1032} INFO - Dependencies all met for <TaskInstance: dbt_training_bytecode.model.my_new_project.fct_orders manual__2022-02-15T03:04:57.520087+00:00 [queued]>
[2022-02-15 03:05:49,150] {taskinstance.py:1238} INFO - 
--------------------------------------------------------------------------------
[2022-02-15 03:05:49,151] {taskinstance.py:1239} INFO - Starting attempt 1 of 1
[2022-02-15 03:05:49,151] {taskinstance.py:1240} INFO - 
--------------------------------------------------------------------------------
[2022-02-15 03:05:49,174] {taskinstance.py:1259} INFO - Executing <Task(BashOperator): model.my_new_project.fct_orders> on 2022-02-15 03:04:57.520087+00:00
[2022-02-15 03:05:49,180] {standard_task_runner.py:52} INFO - Started process 540 to run task
[2022-02-15 03:05:49,196] {standard_task_runner.py:76} INFO - Running: ['***', 'tasks', 'run', 'dbt_training_bytecode', 'model.my_new_project.fct_orders', 'manual__2022-02-15T03:04:57.520087+00:00', '--job-id', '96', '--raw', '--subdir', 'DAGS_FOLDER/dbt-***.py', '--cfg-path', '/tmp/tmpoz9clbmy', '--error-file', '/tmp/tmpsue0ydel']
[2022-02-15 03:05:49,217] {standard_task_runner.py:77} INFO - Job 96: Subtask model.my_new_project.fct_orders
[2022-02-15 03:05:49,367] {logging_mixin.py:109} INFO - Running <TaskInstance: dbt_training_bytecode.model.my_new_project.fct_orders manual__2022-02-15T03:04:57.520087+00:00 [running]> on host 459d09dd7c86
[2022-02-15 03:05:49,522] {taskinstance.py:1426} INFO - Exporting the following env vars:
AIRFLOW_CTX_DAG_OWNER=Bytecode
AIRFLOW_CTX_DAG_ID=dbt_training_bytecode
AIRFLOW_CTX_TASK_ID=model.my_new_project.fct_orders
AIRFLOW_CTX_EXECUTION_DATE=2022-02-15T03:04:57.520087+00:00
AIRFLOW_CTX_DAG_RUN_ID=manual__2022-02-15T03:04:57.520087+00:00
[2022-02-15 03:05:49,526] {subprocess.py:62} INFO - Tmp dir root location: 
 /tmp
[2022-02-15 03:05:49,528] {subprocess.py:74} INFO - Running command: ['bash', '-c', '\n            dbt --no-write-json run --target dev --models fct_orders             --profiles-dir /opt/***/dbt/dbt-training-bytecode-1 --project-dir /opt/***/dbt/dbt-training-bytecode-1\n            ']
[2022-02-15 03:05:49,564] {subprocess.py:85} INFO - Output:
[2022-02-15 03:06:00,698] {subprocess.py:89} INFO - 03:06:00  Running with dbt=1.0.1
[2022-02-15 03:06:01,341] {subprocess.py:89} INFO - 03:06:01  Found 8 models, 11 tests, 0 snapshots, 0 analyses, 367 macros, 0 operations, 1 seed file, 3 sources, 0 exposures, 0 metrics
[2022-02-15 03:06:01,345] {subprocess.py:89} INFO - 03:06:01
[2022-02-15 03:06:06,163] {subprocess.py:89} INFO - 03:06:06  Concurrency: 4 threads (target='dev')
[2022-02-15 03:06:06,173] {subprocess.py:89} INFO - 03:06:06
[2022-02-15 03:06:06,201] {subprocess.py:89} INFO - 03:06:06  1 of 1 START table model dbt_bytecode_training.fct_orders....................... [RUN]
[2022-02-15 03:06:09,302] {subprocess.py:89} INFO - 03:06:09  1 of 1 OK created table model dbt_bytecode_training.fct_orders.................. [SUCCESS 1 in 3.10s]
[2022-02-15 03:06:09,336] {subprocess.py:89} INFO - 03:06:09
[2022-02-15 03:06:09,339] {subprocess.py:89} INFO - 03:06:09  Finished running 1 table model in 7.99s.
[2022-02-15 03:06:09,350] {subprocess.py:89} INFO - 03:06:09
[2022-02-15 03:06:09,353] {subprocess.py:89} INFO - 03:06:09  Completed successfully
[2022-02-15 03:06:09,355] {subprocess.py:89} INFO - 03:06:09
[2022-02-15 03:06:09,357] {subprocess.py:89} INFO - 03:06:09  Done. PASS=1 WARN=0 ERROR=0 SKIP=0 TOTAL=1
[2022-02-15 03:06:09,734] {subprocess.py:93} INFO - Command exited with return code 0
[2022-02-15 03:06:09,766] {taskinstance.py:1277} INFO - Marking task as SUCCESS. dag_id=dbt_training_bytecode, task_id=model.my_new_project.fct_orders, execution_date=20220215T030457, start_date=20220215T030549, end_date=20220215T030609
[2022-02-15 03:06:09,815] {local_task_job.py:154} INFO - Task exited with return code 0
[2022-02-15 03:06:09,898] {local_task_job.py:264} INFO - 2 downstream tasks scheduled from follow-on schedule check
