[2022-02-15 03:24:46,048] {taskinstance.py:1032} INFO - Dependencies all met for <TaskInstance: dbt_training_bytecode.model.my_new_project.stg_payments manual__2022-02-15T03:24:14.594120+00:00 [queued]>
[2022-02-15 03:24:46,078] {taskinstance.py:1032} INFO - Dependencies all met for <TaskInstance: dbt_training_bytecode.model.my_new_project.stg_payments manual__2022-02-15T03:24:14.594120+00:00 [queued]>
[2022-02-15 03:24:46,079] {taskinstance.py:1238} INFO - 
--------------------------------------------------------------------------------
[2022-02-15 03:24:46,080] {taskinstance.py:1239} INFO - Starting attempt 1 of 1
[2022-02-15 03:24:46,083] {taskinstance.py:1240} INFO - 
--------------------------------------------------------------------------------
[2022-02-15 03:24:46,107] {taskinstance.py:1259} INFO - Executing <Task(BashOperator): model.my_new_project.stg_payments> on 2022-02-15 03:24:14.594120+00:00
[2022-02-15 03:24:46,112] {standard_task_runner.py:52} INFO - Started process 2016 to run task
[2022-02-15 03:24:46,124] {standard_task_runner.py:76} INFO - Running: ['***', 'tasks', 'run', 'dbt_training_bytecode', 'model.my_new_project.stg_payments', 'manual__2022-02-15T03:24:14.594120+00:00', '--job-id', '126', '--raw', '--subdir', 'DAGS_FOLDER/dbt-***.py', '--cfg-path', '/tmp/tmpjtz0yfqe', '--error-file', '/tmp/tmpt38rw871']
[2022-02-15 03:24:46,128] {standard_task_runner.py:77} INFO - Job 126: Subtask model.my_new_project.stg_payments
[2022-02-15 03:24:46,330] {logging_mixin.py:109} INFO - Running <TaskInstance: dbt_training_bytecode.model.my_new_project.stg_payments manual__2022-02-15T03:24:14.594120+00:00 [running]> on host 459d09dd7c86
[2022-02-15 03:24:46,488] {taskinstance.py:1426} INFO - Exporting the following env vars:
AIRFLOW_CTX_DAG_OWNER=Bytecode
AIRFLOW_CTX_DAG_ID=dbt_training_bytecode
AIRFLOW_CTX_TASK_ID=model.my_new_project.stg_payments
AIRFLOW_CTX_EXECUTION_DATE=2022-02-15T03:24:14.594120+00:00
AIRFLOW_CTX_DAG_RUN_ID=manual__2022-02-15T03:24:14.594120+00:00
[2022-02-15 03:24:46,491] {subprocess.py:62} INFO - Tmp dir root location: 
 /tmp
[2022-02-15 03:24:46,495] {subprocess.py:74} INFO - Running command: ['bash', '-c', '\n            dbt --no-write-json run --target dev --models stg_payments             --profiles-dir /opt/***/dbt/dbt-training-bytecode-1 --project-dir /opt/***/dbt/dbt-training-bytecode-1\n            ']
[2022-02-15 03:24:46,523] {subprocess.py:85} INFO - Output:
[2022-02-15 03:24:52,582] {subprocess.py:89} INFO - 03:24:52  Running with dbt=1.0.1
[2022-02-15 03:24:52,983] {subprocess.py:89} INFO - 03:24:52  Found 8 models, 11 tests, 0 snapshots, 0 analyses, 367 macros, 0 operations, 1 seed file, 3 sources, 0 exposures, 0 metrics
[2022-02-15 03:24:52,991] {subprocess.py:89} INFO - 03:24:52
[2022-02-15 03:24:56,440] {subprocess.py:89} INFO - 03:24:56  Concurrency: 4 threads (target='dev')
[2022-02-15 03:24:56,446] {subprocess.py:89} INFO - 03:24:56
[2022-02-15 03:24:56,452] {subprocess.py:89} INFO - 03:24:56  1 of 1 START view model dbt_bytecode_training.stg_payments...................... [RUN]
[2022-02-15 03:24:58,252] {subprocess.py:89} INFO - 03:24:58  1 of 1 OK created view model dbt_bytecode_training.stg_payments................. [SUCCESS 1 in 1.77s]
[2022-02-15 03:24:58,280] {subprocess.py:89} INFO - 03:24:58
[2022-02-15 03:24:58,282] {subprocess.py:89} INFO - 03:24:58  Finished running 1 view model in 5.29s.
[2022-02-15 03:24:58,288] {subprocess.py:89} INFO - 03:24:58
[2022-02-15 03:24:58,290] {subprocess.py:89} INFO - 03:24:58  Completed successfully
[2022-02-15 03:24:58,292] {subprocess.py:89} INFO - 03:24:58
[2022-02-15 03:24:58,293] {subprocess.py:89} INFO - 03:24:58  Done. PASS=1 WARN=0 ERROR=0 SKIP=0 TOTAL=1
[2022-02-15 03:24:58,664] {subprocess.py:93} INFO - Command exited with return code 0
[2022-02-15 03:24:58,688] {taskinstance.py:1277} INFO - Marking task as SUCCESS. dag_id=dbt_training_bytecode, task_id=model.my_new_project.stg_payments, execution_date=20220215T032414, start_date=20220215T032446, end_date=20220215T032458
[2022-02-15 03:24:58,710] {local_task_job.py:154} INFO - Task exited with return code 0
[2022-02-15 03:24:58,767] {local_task_job.py:264} INFO - 2 downstream tasks scheduled from follow-on schedule check
