[2022-02-15 03:15:26,023] {taskinstance.py:1032} INFO - Dependencies all met for <TaskInstance: dbt_training_bytecode.model.my_new_project.dim_customers manual__2022-02-15T03:14:06.780838+00:00 [queued]>
[2022-02-15 03:15:26,043] {taskinstance.py:1032} INFO - Dependencies all met for <TaskInstance: dbt_training_bytecode.model.my_new_project.dim_customers manual__2022-02-15T03:14:06.780838+00:00 [queued]>
[2022-02-15 03:15:26,044] {taskinstance.py:1238} INFO - 
--------------------------------------------------------------------------------
[2022-02-15 03:15:26,045] {taskinstance.py:1239} INFO - Starting attempt 1 of 1
[2022-02-15 03:15:26,046] {taskinstance.py:1240} INFO - 
--------------------------------------------------------------------------------
[2022-02-15 03:15:26,067] {taskinstance.py:1259} INFO - Executing <Task(BashOperator): model.my_new_project.dim_customers> on 2022-02-15 03:14:06.780838+00:00
[2022-02-15 03:15:26,074] {standard_task_runner.py:52} INFO - Started process 1408 to run task
[2022-02-15 03:15:26,079] {standard_task_runner.py:76} INFO - Running: ['***', 'tasks', 'run', 'dbt_training_bytecode', 'model.my_new_project.dim_customers', 'manual__2022-02-15T03:14:06.780838+00:00', '--job-id', '115', '--raw', '--subdir', 'DAGS_FOLDER/dbt-***.py', '--cfg-path', '/tmp/tmpkwcamora', '--error-file', '/tmp/tmp85c0nmdd']
[2022-02-15 03:15:26,080] {standard_task_runner.py:77} INFO - Job 115: Subtask model.my_new_project.dim_customers
[2022-02-15 03:15:26,211] {logging_mixin.py:109} INFO - Running <TaskInstance: dbt_training_bytecode.model.my_new_project.dim_customers manual__2022-02-15T03:14:06.780838+00:00 [running]> on host 459d09dd7c86
[2022-02-15 03:15:26,298] {taskinstance.py:1426} INFO - Exporting the following env vars:
AIRFLOW_CTX_DAG_OWNER=Bytecode
AIRFLOW_CTX_DAG_ID=dbt_training_bytecode
AIRFLOW_CTX_TASK_ID=model.my_new_project.dim_customers
AIRFLOW_CTX_EXECUTION_DATE=2022-02-15T03:14:06.780838+00:00
AIRFLOW_CTX_DAG_RUN_ID=manual__2022-02-15T03:14:06.780838+00:00
[2022-02-15 03:15:26,300] {subprocess.py:62} INFO - Tmp dir root location: 
 /tmp
[2022-02-15 03:15:26,303] {subprocess.py:74} INFO - Running command: ['bash', '-c', '\n            dbt --no-write-json run --target dev --models dim_customers             --profiles-dir /opt/***/dbt/dbt-training-bytecode-1 --project-dir /opt/***/dbt/dbt-training-bytecode-1\n            ']
[2022-02-15 03:15:26,332] {subprocess.py:85} INFO - Output:
[2022-02-15 03:15:35,555] {subprocess.py:89} INFO - 03:15:35  Running with dbt=1.0.1
[2022-02-15 03:15:36,013] {subprocess.py:89} INFO - 03:15:36  Found 8 models, 11 tests, 0 snapshots, 0 analyses, 367 macros, 0 operations, 1 seed file, 3 sources, 0 exposures, 0 metrics
[2022-02-15 03:15:36,022] {subprocess.py:89} INFO - 03:15:36
[2022-02-15 03:15:40,288] {subprocess.py:89} INFO - 03:15:40  Concurrency: 4 threads (target='dev')
[2022-02-15 03:15:40,292] {subprocess.py:89} INFO - 03:15:40
[2022-02-15 03:15:40,310] {subprocess.py:89} INFO - 03:15:40  1 of 1 START table model dbt_bytecode_training.dim_customers.................... [RUN]
[2022-02-15 03:15:43,568] {subprocess.py:89} INFO - 03:15:43  1 of 1 OK created table model dbt_bytecode_training.dim_customers............... [SUCCESS 1 in 3.25s]
[2022-02-15 03:15:43,647] {subprocess.py:89} INFO - 03:15:43
[2022-02-15 03:15:43,649] {subprocess.py:89} INFO - 03:15:43  Finished running 1 table model in 7.62s.
[2022-02-15 03:15:43,655] {subprocess.py:89} INFO - 03:15:43
[2022-02-15 03:15:43,658] {subprocess.py:89} INFO - 03:15:43  Completed successfully
[2022-02-15 03:15:43,661] {subprocess.py:89} INFO - 03:15:43
[2022-02-15 03:15:43,663] {subprocess.py:89} INFO - 03:15:43  Done. PASS=1 WARN=0 ERROR=0 SKIP=0 TOTAL=1
[2022-02-15 03:15:44,048] {subprocess.py:93} INFO - Command exited with return code 0
[2022-02-15 03:15:44,091] {taskinstance.py:1277} INFO - Marking task as SUCCESS. dag_id=dbt_training_bytecode, task_id=model.my_new_project.dim_customers, execution_date=20220215T031406, start_date=20220215T031526, end_date=20220215T031544
[2022-02-15 03:15:44,152] {local_task_job.py:154} INFO - Task exited with return code 0
[2022-02-15 03:15:44,206] {local_task_job.py:264} INFO - 2 downstream tasks scheduled from follow-on schedule check
