[2022-02-15 03:24:46,118] {taskinstance.py:1032} INFO - Dependencies all met for <TaskInstance: dbt_training_bytecode.model.my_new_project.stg_orders manual__2022-02-15T03:24:14.594120+00:00 [queued]>
[2022-02-15 03:24:46,146] {taskinstance.py:1032} INFO - Dependencies all met for <TaskInstance: dbt_training_bytecode.model.my_new_project.stg_orders manual__2022-02-15T03:24:14.594120+00:00 [queued]>
[2022-02-15 03:24:46,150] {taskinstance.py:1238} INFO - 
--------------------------------------------------------------------------------
[2022-02-15 03:24:46,152] {taskinstance.py:1239} INFO - Starting attempt 1 of 1
[2022-02-15 03:24:46,155] {taskinstance.py:1240} INFO - 
--------------------------------------------------------------------------------
[2022-02-15 03:24:46,181] {taskinstance.py:1259} INFO - Executing <Task(BashOperator): model.my_new_project.stg_orders> on 2022-02-15 03:24:14.594120+00:00
[2022-02-15 03:24:46,186] {standard_task_runner.py:52} INFO - Started process 2017 to run task
[2022-02-15 03:24:46,193] {standard_task_runner.py:76} INFO - Running: ['***', 'tasks', 'run', 'dbt_training_bytecode', 'model.my_new_project.stg_orders', 'manual__2022-02-15T03:24:14.594120+00:00', '--job-id', '127', '--raw', '--subdir', 'DAGS_FOLDER/dbt-***.py', '--cfg-path', '/tmp/tmp1rm9zcsc', '--error-file', '/tmp/tmp8miz51er']
[2022-02-15 03:24:46,198] {standard_task_runner.py:77} INFO - Job 127: Subtask model.my_new_project.stg_orders
[2022-02-15 03:24:46,332] {logging_mixin.py:109} INFO - Running <TaskInstance: dbt_training_bytecode.model.my_new_project.stg_orders manual__2022-02-15T03:24:14.594120+00:00 [running]> on host 459d09dd7c86
[2022-02-15 03:24:46,419] {taskinstance.py:1426} INFO - Exporting the following env vars:
AIRFLOW_CTX_DAG_OWNER=Bytecode
AIRFLOW_CTX_DAG_ID=dbt_training_bytecode
AIRFLOW_CTX_TASK_ID=model.my_new_project.stg_orders
AIRFLOW_CTX_EXECUTION_DATE=2022-02-15T03:24:14.594120+00:00
AIRFLOW_CTX_DAG_RUN_ID=manual__2022-02-15T03:24:14.594120+00:00
[2022-02-15 03:24:46,421] {subprocess.py:62} INFO - Tmp dir root location: 
 /tmp
[2022-02-15 03:24:46,422] {subprocess.py:74} INFO - Running command: ['bash', '-c', '\n            dbt --no-write-json run --target dev --models stg_orders             --profiles-dir /opt/***/dbt/dbt-training-bytecode-1 --project-dir /opt/***/dbt/dbt-training-bytecode-1\n            ']
[2022-02-15 03:24:46,459] {subprocess.py:85} INFO - Output:
[2022-02-15 03:24:52,409] {subprocess.py:89} INFO - 03:24:52  Running with dbt=1.0.1
[2022-02-15 03:24:52,863] {subprocess.py:89} INFO - 03:24:52  Found 8 models, 11 tests, 0 snapshots, 0 analyses, 367 macros, 0 operations, 1 seed file, 3 sources, 0 exposures, 0 metrics
[2022-02-15 03:24:52,868] {subprocess.py:89} INFO - 03:24:52
[2022-02-15 03:24:56,461] {subprocess.py:89} INFO - 03:24:56  Concurrency: 4 threads (target='dev')
[2022-02-15 03:24:56,463] {subprocess.py:89} INFO - 03:24:56
[2022-02-15 03:24:56,476] {subprocess.py:89} INFO - 03:24:56  1 of 1 START view model dbt_bytecode_training.stg_orders........................ [RUN]
[2022-02-15 03:24:58,656] {subprocess.py:89} INFO - 03:24:58  1 of 1 OK created view model dbt_bytecode_training.stg_orders................... [SUCCESS 1 in 2.18s]
[2022-02-15 03:24:58,707] {subprocess.py:89} INFO - 03:24:58
[2022-02-15 03:24:58,709] {subprocess.py:89} INFO - 03:24:58  Finished running 1 view model in 5.84s.
[2022-02-15 03:24:58,715] {subprocess.py:89} INFO - 03:24:58
[2022-02-15 03:24:58,717] {subprocess.py:89} INFO - 03:24:58  Completed successfully
[2022-02-15 03:24:58,719] {subprocess.py:89} INFO - 03:24:58
[2022-02-15 03:24:58,720] {subprocess.py:89} INFO - 03:24:58  Done. PASS=1 WARN=0 ERROR=0 SKIP=0 TOTAL=1
[2022-02-15 03:24:59,134] {subprocess.py:93} INFO - Command exited with return code 0
[2022-02-15 03:24:59,168] {taskinstance.py:1277} INFO - Marking task as SUCCESS. dag_id=dbt_training_bytecode, task_id=model.my_new_project.stg_orders, execution_date=20220215T032414, start_date=20220215T032446, end_date=20220215T032459
[2022-02-15 03:24:59,228] {local_task_job.py:154} INFO - Task exited with return code 0
[2022-02-15 03:24:59,282] {local_task_job.py:264} INFO - 2 downstream tasks scheduled from follow-on schedule check
