[2022-02-15 02:27:58,342] {taskinstance.py:1032} INFO - Dependencies all met for <TaskInstance: dbt_training_bytecode.model.my_new_project.all_dates manual__2022-02-15T02:27:57.149490+00:00 [queued]>
[2022-02-15 02:27:58,354] {taskinstance.py:1032} INFO - Dependencies all met for <TaskInstance: dbt_training_bytecode.model.my_new_project.all_dates manual__2022-02-15T02:27:57.149490+00:00 [queued]>
[2022-02-15 02:27:58,354] {taskinstance.py:1238} INFO - 
--------------------------------------------------------------------------------
[2022-02-15 02:27:58,357] {taskinstance.py:1239} INFO - Starting attempt 1 of 1
[2022-02-15 02:27:58,358] {taskinstance.py:1240} INFO - 
--------------------------------------------------------------------------------
[2022-02-15 02:27:58,375] {taskinstance.py:1259} INFO - Executing <Task(BashOperator): model.my_new_project.all_dates> on 2022-02-15 02:27:57.149490+00:00
[2022-02-15 02:27:58,380] {standard_task_runner.py:52} INFO - Started process 615 to run task
[2022-02-15 02:27:58,386] {standard_task_runner.py:76} INFO - Running: ['***', 'tasks', 'run', 'dbt_training_bytecode', 'model.my_new_project.all_dates', 'manual__2022-02-15T02:27:57.149490+00:00', '--job-id', '64', '--raw', '--subdir', 'DAGS_FOLDER/dbt-***.py', '--cfg-path', '/tmp/tmpehg4ox1o', '--error-file', '/tmp/tmpn8usmvm9']
[2022-02-15 02:27:58,387] {standard_task_runner.py:77} INFO - Job 64: Subtask model.my_new_project.all_dates
[2022-02-15 02:27:58,451] {logging_mixin.py:109} INFO - Running <TaskInstance: dbt_training_bytecode.model.my_new_project.all_dates manual__2022-02-15T02:27:57.149490+00:00 [running]> on host de7a240d0d46
[2022-02-15 02:27:58,517] {taskinstance.py:1426} INFO - Exporting the following env vars:
AIRFLOW_CTX_DAG_OWNER=Bytecode
AIRFLOW_CTX_DAG_ID=dbt_training_bytecode
AIRFLOW_CTX_TASK_ID=model.my_new_project.all_dates
AIRFLOW_CTX_EXECUTION_DATE=2022-02-15T02:27:57.149490+00:00
AIRFLOW_CTX_DAG_RUN_ID=manual__2022-02-15T02:27:57.149490+00:00
[2022-02-15 02:27:58,519] {subprocess.py:62} INFO - Tmp dir root location: 
 /tmp
[2022-02-15 02:27:58,520] {subprocess.py:74} INFO - Running command: ['bash', '-c', '\n            dbt --no-write-json run --target dev --models all_dates             --profiles-dir /opt/***/dbt/dbt-training-bytecode-1 --project-dir /opt/***/dbt/dbt-training-bytecode-1\n            ']
[2022-02-15 02:27:58,535] {subprocess.py:85} INFO - Output:
[2022-02-15 02:28:05,472] {subprocess.py:89} INFO - 02:28:05  Running with dbt=1.0.1
[2022-02-15 02:28:05,565] {subprocess.py:89} INFO - 02:28:05  Unable to do partial parsing because config vars, config profile, or config target have changed
[2022-02-15 02:28:05,567] {subprocess.py:89} INFO - 02:28:05  Unable to do partial parsing because profile has changed
[2022-02-15 02:28:05,570] {subprocess.py:89} INFO - 02:28:05  Unable to do partial parsing because a project config has changed
[2022-02-15 02:28:12,228] {subprocess.py:89} INFO - 02:28:12  [WARNING]: Configuration paths exist in your dbt_project.yml file which do not apply to any resources.
[2022-02-15 02:28:12,235] {subprocess.py:89} INFO - There are 2 unused configuration paths:
[2022-02-15 02:28:12,238] {subprocess.py:89} INFO - - models.jaffle_shop.marts.core
[2022-02-15 02:28:12,241] {subprocess.py:89} INFO - - models.jaffle_shop.staging
[2022-02-15 02:28:12,242] {subprocess.py:89} INFO - 
[2022-02-15 02:28:12,252] {subprocess.py:89} INFO - 02:28:12  Found 7 models, 11 tests, 0 snapshots, 0 analyses, 367 macros, 0 operations, 1 seed file, 3 sources, 0 exposures, 0 metrics
[2022-02-15 02:28:12,257] {subprocess.py:89} INFO - 02:28:12
[2022-02-15 02:28:16,550] {subprocess.py:89} INFO - 02:28:16  Concurrency: 4 threads (target='dev')
[2022-02-15 02:28:16,553] {subprocess.py:89} INFO - 02:28:16
[2022-02-15 02:28:16,570] {subprocess.py:89} INFO - 02:28:16  1 of 1 START table model dbt_bytecode_training.all_dates........................ [RUN]
[2022-02-15 02:28:20,976] {subprocess.py:89} INFO - 02:28:20  1 of 1 OK created table model dbt_bytecode_training.all_dates................... [SUCCESS 1 in 4.40s]
[2022-02-15 02:28:20,993] {subprocess.py:89} INFO - 02:28:20
[2022-02-15 02:28:20,995] {subprocess.py:89} INFO - 02:28:20  Finished running 1 table model in 8.73s.
[2022-02-15 02:28:21,003] {subprocess.py:89} INFO - 02:28:21
[2022-02-15 02:28:21,007] {subprocess.py:89} INFO - 02:28:21  Completed successfully
[2022-02-15 02:28:21,011] {subprocess.py:89} INFO - 02:28:21
[2022-02-15 02:28:21,016] {subprocess.py:89} INFO - 02:28:21  Done. PASS=1 WARN=0 ERROR=0 SKIP=0 TOTAL=1
[2022-02-15 02:28:21,513] {subprocess.py:93} INFO - Command exited with return code 0
[2022-02-15 02:28:21,545] {taskinstance.py:1277} INFO - Marking task as SUCCESS. dag_id=dbt_training_bytecode, task_id=model.my_new_project.all_dates, execution_date=20220215T022757, start_date=20220215T022758, end_date=20220215T022821
[2022-02-15 02:28:21,606] {local_task_job.py:154} INFO - Task exited with return code 0
[2022-02-15 02:28:21,654] {local_task_job.py:264} INFO - 1 downstream tasks scheduled from follow-on schedule check
