[2022-02-15 02:27:58,303] {taskinstance.py:1032} INFO - Dependencies all met for <TaskInstance: dbt_training_bytecode.dbt_deps manual__2022-02-15T02:27:57.149490+00:00 [queued]>
[2022-02-15 02:27:58,314] {taskinstance.py:1032} INFO - Dependencies all met for <TaskInstance: dbt_training_bytecode.dbt_deps manual__2022-02-15T02:27:57.149490+00:00 [queued]>
[2022-02-15 02:27:58,315] {taskinstance.py:1238} INFO - 
--------------------------------------------------------------------------------
[2022-02-15 02:27:58,316] {taskinstance.py:1239} INFO - Starting attempt 1 of 1
[2022-02-15 02:27:58,317] {taskinstance.py:1240} INFO - 
--------------------------------------------------------------------------------
[2022-02-15 02:27:58,331] {taskinstance.py:1259} INFO - Executing <Task(BashOperator): dbt_deps> on 2022-02-15 02:27:57.149490+00:00
[2022-02-15 02:27:58,336] {standard_task_runner.py:52} INFO - Started process 614 to run task
[2022-02-15 02:27:58,342] {standard_task_runner.py:76} INFO - Running: ['***', 'tasks', 'run', 'dbt_training_bytecode', 'dbt_deps', 'manual__2022-02-15T02:27:57.149490+00:00', '--job-id', '65', '--raw', '--subdir', 'DAGS_FOLDER/dbt-***.py', '--cfg-path', '/tmp/tmph59fuj1j', '--error-file', '/tmp/tmpu69hge65']
[2022-02-15 02:27:58,343] {standard_task_runner.py:77} INFO - Job 65: Subtask dbt_deps
[2022-02-15 02:27:58,409] {logging_mixin.py:109} INFO - Running <TaskInstance: dbt_training_bytecode.dbt_deps manual__2022-02-15T02:27:57.149490+00:00 [running]> on host de7a240d0d46
[2022-02-15 02:27:58,472] {taskinstance.py:1426} INFO - Exporting the following env vars:
AIRFLOW_CTX_DAG_OWNER=Bytecode
AIRFLOW_CTX_DAG_ID=dbt_training_bytecode
AIRFLOW_CTX_TASK_ID=dbt_deps
AIRFLOW_CTX_EXECUTION_DATE=2022-02-15T02:27:57.149490+00:00
AIRFLOW_CTX_DAG_RUN_ID=manual__2022-02-15T02:27:57.149490+00:00
[2022-02-15 02:27:58,475] {subprocess.py:62} INFO - Tmp dir root location: 
 /tmp
[2022-02-15 02:27:58,477] {subprocess.py:74} INFO - Running command: ['bash', '-c', 'dbt deps --profiles-dir /opt/***/dbt/dbt-training-bytecode-1 --project-dir /opt/***/dbt/dbt-training-bytecode-1']
[2022-02-15 02:27:58,489] {subprocess.py:85} INFO - Output:
[2022-02-15 02:28:05,460] {subprocess.py:89} INFO - 02:28:05  Running with dbt=1.0.1
[2022-02-15 02:28:07,100] {subprocess.py:89} INFO - 02:28:07  Installing dbt-labs/dbt_utils
[2022-02-15 02:28:11,017] {subprocess.py:89} INFO - 02:28:11    Installed from version 0.8.0
[2022-02-15 02:28:11,019] {subprocess.py:89} INFO - 02:28:11    Up to date!
[2022-02-15 02:28:11,599] {subprocess.py:93} INFO - Command exited with return code 0
[2022-02-15 02:28:11,656] {taskinstance.py:1277} INFO - Marking task as SUCCESS. dag_id=dbt_training_bytecode, task_id=dbt_deps, execution_date=20220215T022757, start_date=20220215T022758, end_date=20220215T022811
[2022-02-15 02:28:11,734] {local_task_job.py:154} INFO - Task exited with return code 0
[2022-02-15 02:28:11,814] {local_task_job.py:264} INFO - 1 downstream tasks scheduled from follow-on schedule check
