[2022-02-15 02:28:35,237] {taskinstance.py:1032} INFO - Dependencies all met for <TaskInstance: dbt_training_bytecode.model.my_new_project.stg_orders manual__2022-02-15T02:27:57.149490+00:00 [queued]>
[2022-02-15 02:28:35,260] {taskinstance.py:1032} INFO - Dependencies all met for <TaskInstance: dbt_training_bytecode.model.my_new_project.stg_orders manual__2022-02-15T02:27:57.149490+00:00 [queued]>
[2022-02-15 02:28:35,262] {taskinstance.py:1238} INFO - 
--------------------------------------------------------------------------------
[2022-02-15 02:28:35,262] {taskinstance.py:1239} INFO - Starting attempt 1 of 1
[2022-02-15 02:28:35,263] {taskinstance.py:1240} INFO - 
--------------------------------------------------------------------------------
[2022-02-15 02:28:35,282] {taskinstance.py:1259} INFO - Executing <Task(BashOperator): model.my_new_project.stg_orders> on 2022-02-15 02:27:57.149490+00:00
[2022-02-15 02:28:35,289] {standard_task_runner.py:52} INFO - Started process 714 to run task
[2022-02-15 02:28:35,300] {standard_task_runner.py:76} INFO - Running: ['***', 'tasks', 'run', 'dbt_training_bytecode', 'model.my_new_project.stg_orders', 'manual__2022-02-15T02:27:57.149490+00:00', '--job-id', '69', '--raw', '--subdir', 'DAGS_FOLDER/dbt-***.py', '--cfg-path', '/tmp/tmpijyjrmt8', '--error-file', '/tmp/tmpfzlj74e2']
[2022-02-15 02:28:35,301] {standard_task_runner.py:77} INFO - Job 69: Subtask model.my_new_project.stg_orders
[2022-02-15 02:28:35,401] {logging_mixin.py:109} INFO - Running <TaskInstance: dbt_training_bytecode.model.my_new_project.stg_orders manual__2022-02-15T02:27:57.149490+00:00 [running]> on host de7a240d0d46
[2022-02-15 02:28:35,491] {taskinstance.py:1426} INFO - Exporting the following env vars:
AIRFLOW_CTX_DAG_OWNER=Bytecode
AIRFLOW_CTX_DAG_ID=dbt_training_bytecode
AIRFLOW_CTX_TASK_ID=model.my_new_project.stg_orders
AIRFLOW_CTX_EXECUTION_DATE=2022-02-15T02:27:57.149490+00:00
AIRFLOW_CTX_DAG_RUN_ID=manual__2022-02-15T02:27:57.149490+00:00
[2022-02-15 02:28:35,494] {subprocess.py:62} INFO - Tmp dir root location: 
 /tmp
[2022-02-15 02:28:35,496] {subprocess.py:74} INFO - Running command: ['bash', '-c', '\n            dbt --no-write-json run --target dev --models stg_orders             --profiles-dir /opt/***/dbt/dbt-training-bytecode-1 --project-dir /opt/***/dbt/dbt-training-bytecode-1\n            ']
[2022-02-15 02:28:35,515] {subprocess.py:85} INFO - Output:
[2022-02-15 02:28:44,667] {subprocess.py:89} INFO - 02:28:44  Running with dbt=1.0.1
[2022-02-15 02:28:45,081] {subprocess.py:89} INFO - 02:28:45  [WARNING]: Configuration paths exist in your dbt_project.yml file which do not apply to any resources.
[2022-02-15 02:28:45,083] {subprocess.py:89} INFO - There are 2 unused configuration paths:
[2022-02-15 02:28:45,084] {subprocess.py:89} INFO - - models.jaffle_shop.marts.core
[2022-02-15 02:28:45,085] {subprocess.py:89} INFO - - models.jaffle_shop.staging
[2022-02-15 02:28:45,095] {subprocess.py:89} INFO - 
[2022-02-15 02:28:45,120] {subprocess.py:89} INFO - 02:28:45  Found 7 models, 11 tests, 0 snapshots, 0 analyses, 367 macros, 0 operations, 1 seed file, 3 sources, 0 exposures, 0 metrics
[2022-02-15 02:28:45,127] {subprocess.py:89} INFO - 02:28:45
[2022-02-15 02:28:48,827] {subprocess.py:89} INFO - 02:28:48  Concurrency: 4 threads (target='dev')
[2022-02-15 02:28:48,830] {subprocess.py:89} INFO - 02:28:48
[2022-02-15 02:28:48,865] {subprocess.py:89} INFO - 02:28:48  1 of 1 START view model dbt_bytecode_training.stg_orders........................ [RUN]
[2022-02-15 02:28:50,764] {subprocess.py:89} INFO - 02:28:50  1 of 1 OK created view model dbt_bytecode_training.stg_orders................... [SUCCESS 1 in 1.89s]
[2022-02-15 02:28:50,876] {subprocess.py:89} INFO - 02:28:50
[2022-02-15 02:28:50,880] {subprocess.py:89} INFO - 02:28:50  Finished running 1 view model in 5.74s.
[2022-02-15 02:28:50,889] {subprocess.py:89} INFO - 02:28:50
[2022-02-15 02:28:50,892] {subprocess.py:89} INFO - 02:28:50  Completed successfully
[2022-02-15 02:28:50,894] {subprocess.py:89} INFO - 02:28:50
[2022-02-15 02:28:50,897] {subprocess.py:89} INFO - 02:28:50  Done. PASS=1 WARN=0 ERROR=0 SKIP=0 TOTAL=1
[2022-02-15 02:28:51,338] {subprocess.py:93} INFO - Command exited with return code 0
[2022-02-15 02:28:51,370] {taskinstance.py:1277} INFO - Marking task as SUCCESS. dag_id=dbt_training_bytecode, task_id=model.my_new_project.stg_orders, execution_date=20220215T022757, start_date=20220215T022835, end_date=20220215T022851
[2022-02-15 02:28:51,428] {local_task_job.py:154} INFO - Task exited with return code 0
[2022-02-15 02:28:51,509] {local_task_job.py:264} INFO - 2 downstream tasks scheduled from follow-on schedule check
