[2022-02-15 03:04:58,947] {taskinstance.py:1032} INFO - Dependencies all met for <TaskInstance: dbt_training_bytecode.dbt_deps manual__2022-02-15T03:04:57.520087+00:00 [queued]>
[2022-02-15 03:04:58,961] {taskinstance.py:1032} INFO - Dependencies all met for <TaskInstance: dbt_training_bytecode.dbt_deps manual__2022-02-15T03:04:57.520087+00:00 [queued]>
[2022-02-15 03:04:58,961] {taskinstance.py:1238} INFO - 
--------------------------------------------------------------------------------
[2022-02-15 03:04:58,962] {taskinstance.py:1239} INFO - Starting attempt 1 of 1
[2022-02-15 03:04:58,964] {taskinstance.py:1240} INFO - 
--------------------------------------------------------------------------------
[2022-02-15 03:04:58,974] {taskinstance.py:1259} INFO - Executing <Task(BashOperator): dbt_deps> on 2022-02-15 03:04:57.520087+00:00
[2022-02-15 03:04:58,979] {standard_task_runner.py:52} INFO - Started process 355 to run task
[2022-02-15 03:04:58,984] {standard_task_runner.py:76} INFO - Running: ['***', 'tasks', 'run', 'dbt_training_bytecode', 'dbt_deps', 'manual__2022-02-15T03:04:57.520087+00:00', '--job-id', '86', '--raw', '--subdir', 'DAGS_FOLDER/dbt-***.py', '--cfg-path', '/tmp/tmpj7ceh7cr', '--error-file', '/tmp/tmp4f75x_ek']
[2022-02-15 03:04:58,986] {standard_task_runner.py:77} INFO - Job 86: Subtask dbt_deps
[2022-02-15 03:04:59,053] {logging_mixin.py:109} INFO - Running <TaskInstance: dbt_training_bytecode.dbt_deps manual__2022-02-15T03:04:57.520087+00:00 [running]> on host 459d09dd7c86
[2022-02-15 03:04:59,110] {taskinstance.py:1426} INFO - Exporting the following env vars:
AIRFLOW_CTX_DAG_OWNER=Bytecode
AIRFLOW_CTX_DAG_ID=dbt_training_bytecode
AIRFLOW_CTX_TASK_ID=dbt_deps
AIRFLOW_CTX_EXECUTION_DATE=2022-02-15T03:04:57.520087+00:00
AIRFLOW_CTX_DAG_RUN_ID=manual__2022-02-15T03:04:57.520087+00:00
[2022-02-15 03:04:59,113] {subprocess.py:62} INFO - Tmp dir root location: 
 /tmp
[2022-02-15 03:04:59,114] {subprocess.py:74} INFO - Running command: ['bash', '-c', 'dbt deps --profiles-dir /opt/***/dbt/dbt-training-bytecode-1 --project-dir /opt/***/dbt/dbt-training-bytecode-1']
[2022-02-15 03:04:59,131] {subprocess.py:85} INFO - Output:
[2022-02-15 03:05:03,716] {subprocess.py:89} INFO - 03:05:03  Running with dbt=1.0.1
[2022-02-15 03:05:04,968] {subprocess.py:89} INFO - 03:05:04  Installing dbt-labs/dbt_utils
[2022-02-15 03:05:08,234] {subprocess.py:89} INFO - 03:05:08    Installed from version 0.8.0
[2022-02-15 03:05:08,238] {subprocess.py:89} INFO - 03:05:08    Up to date!
[2022-02-15 03:05:08,880] {subprocess.py:93} INFO - Command exited with return code 0
[2022-02-15 03:05:08,934] {taskinstance.py:1277} INFO - Marking task as SUCCESS. dag_id=dbt_training_bytecode, task_id=dbt_deps, execution_date=20220215T030457, start_date=20220215T030458, end_date=20220215T030508
[2022-02-15 03:05:09,001] {local_task_job.py:154} INFO - Task exited with return code 0
[2022-02-15 03:05:09,117] {local_task_job.py:264} INFO - 1 downstream tasks scheduled from follow-on schedule check
