[2022-02-15 03:03:50,990] {taskinstance.py:1032} INFO - Dependencies all met for <TaskInstance: dbt_compile.dbt_compile manual__2022-02-15T03:03:50.163808+00:00 [queued]>
[2022-02-15 03:03:50,999] {taskinstance.py:1032} INFO - Dependencies all met for <TaskInstance: dbt_compile.dbt_compile manual__2022-02-15T03:03:50.163808+00:00 [queued]>
[2022-02-15 03:03:51,000] {taskinstance.py:1238} INFO - 
--------------------------------------------------------------------------------
[2022-02-15 03:03:51,000] {taskinstance.py:1239} INFO - Starting attempt 1 of 1
[2022-02-15 03:03:51,001] {taskinstance.py:1240} INFO - 
--------------------------------------------------------------------------------
[2022-02-15 03:03:51,011] {taskinstance.py:1259} INFO - Executing <Task(BashOperator): dbt_compile> on 2022-02-15 03:03:50.163808+00:00
[2022-02-15 03:03:51,015] {standard_task_runner.py:52} INFO - Started process 277 to run task
[2022-02-15 03:03:51,019] {standard_task_runner.py:76} INFO - Running: ['***', 'tasks', 'run', 'dbt_compile', 'dbt_compile', 'manual__2022-02-15T03:03:50.163808+00:00', '--job-id', '85', '--raw', '--subdir', 'DAGS_FOLDER/dbt_compile.py', '--cfg-path', '/tmp/tmpgwn1spne', '--error-file', '/tmp/tmpou6_ffb1']
[2022-02-15 03:03:51,020] {standard_task_runner.py:77} INFO - Job 85: Subtask dbt_compile
[2022-02-15 03:03:51,071] {logging_mixin.py:109} INFO - Running <TaskInstance: dbt_compile.dbt_compile manual__2022-02-15T03:03:50.163808+00:00 [running]> on host 459d09dd7c86
[2022-02-15 03:03:51,116] {taskinstance.py:1426} INFO - Exporting the following env vars:
AIRFLOW_CTX_DAG_OWNER=Bytecode
AIRFLOW_CTX_DAG_ID=dbt_compile
AIRFLOW_CTX_TASK_ID=dbt_compile
AIRFLOW_CTX_EXECUTION_DATE=2022-02-15T03:03:50.163808+00:00
AIRFLOW_CTX_DAG_RUN_ID=manual__2022-02-15T03:03:50.163808+00:00
[2022-02-15 03:03:51,118] {subprocess.py:62} INFO - Tmp dir root location: 
 /tmp
[2022-02-15 03:03:51,119] {subprocess.py:74} INFO - Running command: ['bash', '-c', 'dbt compile --profiles-dir /opt/***/dbt/dbt-training-bytecode-1 --project-dir /opt/***/dbt/dbt-training-bytecode-1']
[2022-02-15 03:03:51,129] {subprocess.py:85} INFO - Output:
[2022-02-15 03:03:55,268] {subprocess.py:89} INFO - 03:03:55  Running with dbt=1.0.1
[2022-02-15 03:03:55,334] {subprocess.py:89} INFO - 03:03:55  Unable to do partial parsing because config vars, config profile, or config target have changed
[2022-02-15 03:03:55,336] {subprocess.py:89} INFO - 03:03:55  Unable to do partial parsing because a project config has changed
[2022-02-15 03:03:57,516] {subprocess.py:89} INFO - 03:03:57  Found 8 models, 11 tests, 0 snapshots, 0 analyses, 367 macros, 0 operations, 1 seed file, 3 sources, 0 exposures, 0 metrics
[2022-02-15 03:03:57,520] {subprocess.py:89} INFO - 03:03:57
[2022-02-15 03:03:59,482] {subprocess.py:89} INFO - 03:03:59  Concurrency: 4 threads (target='dev')
[2022-02-15 03:03:59,484] {subprocess.py:89} INFO - 03:03:59
[2022-02-15 03:04:01,045] {subprocess.py:89} INFO - 03:04:01  Done.
[2022-02-15 03:04:01,594] {subprocess.py:93} INFO - Command exited with return code 0
[2022-02-15 03:04:01,618] {taskinstance.py:1277} INFO - Marking task as SUCCESS. dag_id=dbt_compile, task_id=dbt_compile, execution_date=20220215T030350, start_date=20220215T030350, end_date=20220215T030401
[2022-02-15 03:04:01,665] {local_task_job.py:154} INFO - Task exited with return code 0
[2022-02-15 03:04:01,711] {local_task_job.py:264} INFO - 0 downstream tasks scheduled from follow-on schedule check
