[2022-02-15 03:24:45,951] {taskinstance.py:1032} INFO - Dependencies all met for <TaskInstance: dbt_training_bytecode.model.my_new_project.stg_customers manual__2022-02-15T03:24:14.594120+00:00 [queued]>
[2022-02-15 03:24:45,979] {taskinstance.py:1032} INFO - Dependencies all met for <TaskInstance: dbt_training_bytecode.model.my_new_project.stg_customers manual__2022-02-15T03:24:14.594120+00:00 [queued]>
[2022-02-15 03:24:45,980] {taskinstance.py:1238} INFO - 
--------------------------------------------------------------------------------
[2022-02-15 03:24:45,981] {taskinstance.py:1239} INFO - Starting attempt 1 of 1
[2022-02-15 03:24:45,981] {taskinstance.py:1240} INFO - 
--------------------------------------------------------------------------------
[2022-02-15 03:24:46,003] {taskinstance.py:1259} INFO - Executing <Task(BashOperator): model.my_new_project.stg_customers> on 2022-02-15 03:24:14.594120+00:00
[2022-02-15 03:24:46,017] {standard_task_runner.py:52} INFO - Started process 2015 to run task
[2022-02-15 03:24:46,042] {standard_task_runner.py:76} INFO - Running: ['***', 'tasks', 'run', 'dbt_training_bytecode', 'model.my_new_project.stg_customers', 'manual__2022-02-15T03:24:14.594120+00:00', '--job-id', '125', '--raw', '--subdir', 'DAGS_FOLDER/dbt-***.py', '--cfg-path', '/tmp/tmpy2jk3tin', '--error-file', '/tmp/tmpk_941d4d']
[2022-02-15 03:24:46,044] {standard_task_runner.py:77} INFO - Job 125: Subtask model.my_new_project.stg_customers
[2022-02-15 03:24:46,131] {logging_mixin.py:109} INFO - Running <TaskInstance: dbt_training_bytecode.model.my_new_project.stg_customers manual__2022-02-15T03:24:14.594120+00:00 [running]> on host 459d09dd7c86
[2022-02-15 03:24:46,234] {taskinstance.py:1426} INFO - Exporting the following env vars:
AIRFLOW_CTX_DAG_OWNER=Bytecode
AIRFLOW_CTX_DAG_ID=dbt_training_bytecode
AIRFLOW_CTX_TASK_ID=model.my_new_project.stg_customers
AIRFLOW_CTX_EXECUTION_DATE=2022-02-15T03:24:14.594120+00:00
AIRFLOW_CTX_DAG_RUN_ID=manual__2022-02-15T03:24:14.594120+00:00
[2022-02-15 03:24:46,236] {subprocess.py:62} INFO - Tmp dir root location: 
 /tmp
[2022-02-15 03:24:46,237] {subprocess.py:74} INFO - Running command: ['bash', '-c', '\n            dbt --no-write-json run --target dev --models stg_customers             --profiles-dir /opt/***/dbt/dbt-training-bytecode-1 --project-dir /opt/***/dbt/dbt-training-bytecode-1\n            ']
[2022-02-15 03:24:46,265] {subprocess.py:85} INFO - Output:
[2022-02-15 03:24:52,740] {subprocess.py:89} INFO - 03:24:52  Running with dbt=1.0.1
[2022-02-15 03:24:53,085] {subprocess.py:89} INFO - 03:24:53  Found 8 models, 11 tests, 0 snapshots, 0 analyses, 367 macros, 0 operations, 1 seed file, 3 sources, 0 exposures, 0 metrics
[2022-02-15 03:24:53,089] {subprocess.py:89} INFO - 03:24:53
[2022-02-15 03:24:56,482] {subprocess.py:89} INFO - 03:24:56  Concurrency: 4 threads (target='dev')
[2022-02-15 03:24:56,483] {subprocess.py:89} INFO - 03:24:56
[2022-02-15 03:24:56,551] {subprocess.py:89} INFO - 03:24:56  1 of 1 START view model dbt_bytecode_training.stg_customers..................... [RUN]
[2022-02-15 03:24:58,749] {subprocess.py:89} INFO - 03:24:58  1 of 1 OK created view model dbt_bytecode_training.stg_customers................ [SUCCESS 1 in 2.20s]
[2022-02-15 03:24:58,757] {subprocess.py:89} INFO - 03:24:58
[2022-02-15 03:24:58,760] {subprocess.py:89} INFO - 03:24:58  Finished running 1 view model in 5.67s.
[2022-02-15 03:24:58,765] {subprocess.py:89} INFO - 03:24:58
[2022-02-15 03:24:58,767] {subprocess.py:89} INFO - 03:24:58  Completed successfully
[2022-02-15 03:24:58,769] {subprocess.py:89} INFO - 03:24:58
[2022-02-15 03:24:58,771] {subprocess.py:89} INFO - 03:24:58  Done. PASS=1 WARN=0 ERROR=0 SKIP=0 TOTAL=1
[2022-02-15 03:24:59,190] {subprocess.py:93} INFO - Command exited with return code 0
[2022-02-15 03:24:59,215] {taskinstance.py:1277} INFO - Marking task as SUCCESS. dag_id=dbt_training_bytecode, task_id=model.my_new_project.stg_customers, execution_date=20220215T032414, start_date=20220215T032445, end_date=20220215T032459
[2022-02-15 03:24:59,246] {local_task_job.py:154} INFO - Task exited with return code 0
[2022-02-15 03:24:59,301] {local_task_job.py:264} INFO - 1 downstream tasks scheduled from follow-on schedule check
